c:\users\vanta\onedrive\documents\github\code\đồ án\đồ án\debug\vc141.pdb
c:\users\vanta\onedrive\documents\github\code\đồ án\đồ án\debug\vc141.idb
c:\users\vanta\onedrive\documents\github\code\đồ án\đồ án\debug\đồ án.obj
c:\users\vanta\onedrive\documents\github\code\đồ án\debug\đồ án.exe
c:\users\vanta\onedrive\documents\github\code\đồ án\debug\đồ án.ilk
c:\users\vanta\onedrive\documents\github\code\đồ án\debug\đồ án.pdb
c:\users\vo tan nguyen\documents\github\code\code\đồ án\đồ án\debug\đồ án.obj
c:\users\vo tan nguyen\documents\github\code\code\đồ án\đồ án\debug\vc140.idb
c:\users\vo tan nguyen\documents\github\code\code\đồ án\đồ án\debug\vc141.idb
c:\users\vo tan nguyen\documents\github\code\code\đồ án\đồ án\debug\vc140.pdb
c:\users\vo tan nguyen\documents\github\code\code\đồ án\đồ án\debug\vc141.pdb
c:\users\vo tan nguyen\documents\github\code\code\đồ án\debug\đồ án.pdb
c:\users\vo tan nguyen\documents\github\code\code\đồ án\debug\đồ án.exe
c:\users\vo tan nguyen\documents\github\code\code\đồ án\debug\đồ án.ilk
c:\users\vo tan nguyen\documents\github\code\code\đồ án\đồ án\debug\đồ án.tlog\cl.command.1.tlog
c:\users\vo tan nguyen\documents\github\code\code\đồ án\đồ án\debug\đồ án.tlog\cl.read.1.tlog
c:\users\vo tan nguyen\documents\github\code\code\đồ án\đồ án\debug\đồ án.tlog\cl.write.1.tlog
c:\users\vo tan nguyen\documents\github\code\code\đồ án\đồ án\debug\đồ án.tlog\link.command.1.tlog
c:\users\vo tan nguyen\documents\github\code\code\đồ án\đồ án\debug\đồ án.tlog\link.read.1.tlog
c:\users\vo tan nguyen\documents\github\code\code\đồ án\đồ án\debug\đồ án.tlog\link.write.1.tlog
